nohup: ignoring input
SRR9198634
528322 reads; of these:
  528322 (100.00%) were unpaired; of these:
    85676 (16.22%) aligned 0 times
    342324 (64.79%) aligned exactly 1 time
    100322 (18.99%) aligned >1 times
83.78% overall alignment rate
SRR9198635
590960 reads; of these:
  590960 (100.00%) were unpaired; of these:
    104548 (17.69%) aligned 0 times
    373003 (63.12%) aligned exactly 1 time
    113409 (19.19%) aligned >1 times
82.31% overall alignment rate
SRR9198636
791408 reads; of these:
  791408 (100.00%) were unpaired; of these:
    133677 (16.89%) aligned 0 times
    503019 (63.56%) aligned exactly 1 time
    154712 (19.55%) aligned >1 times
83.11% overall alignment rate
SRR9198637
702557 reads; of these:
  702557 (100.00%) were unpaired; of these:
    99036 (14.10%) aligned 0 times
    434520 (61.85%) aligned exactly 1 time
    169001 (24.06%) aligned >1 times
85.90% overall alignment rate
SRR9198638
722985 reads; of these:
  722985 (100.00%) were unpaired; of these:
    125369 (17.34%) aligned 0 times
    463349 (64.09%) aligned exactly 1 time
    134267 (18.57%) aligned >1 times
82.66% overall alignment rate
SRR9198639
800558 reads; of these:
  800558 (100.00%) were unpaired; of these:
    141452 (17.67%) aligned 0 times
    513845 (64.19%) aligned exactly 1 time
    145261 (18.14%) aligned >1 times
82.33% overall alignment rate
SRR9198640
736592 reads; of these:
  736592 (100.00%) were unpaired; of these:
    115591 (15.69%) aligned 0 times
    478007 (64.89%) aligned exactly 1 time
    142994 (19.41%) aligned >1 times
84.31% overall alignment rate
SRR9198641
669235 reads; of these:
  669235 (100.00%) were unpaired; of these:
    94757 (14.16%) aligned 0 times
    432196 (64.58%) aligned exactly 1 time
    142282 (21.26%) aligned >1 times
85.84% overall alignment rate
SRR9198642
684699 reads; of these:
  684699 (100.00%) were unpaired; of these:
    106342 (15.53%) aligned 0 times
    431314 (62.99%) aligned exactly 1 time
    147043 (21.48%) aligned >1 times
84.47% overall alignment rate
SRR9198643
953302 reads; of these:
  953302 (100.00%) were unpaired; of these:
    179014 (18.78%) aligned 0 times
    592337 (62.14%) aligned exactly 1 time
    181951 (19.09%) aligned >1 times
81.22% overall alignment rate
SRR9198644
681246 reads; of these:
  681246 (100.00%) were unpaired; of these:
    118813 (17.44%) aligned 0 times
    434821 (63.83%) aligned exactly 1 time
    127612 (18.73%) aligned >1 times
82.56% overall alignment rate
SRR9198645
915176 reads; of these:
  915176 (100.00%) were unpaired; of these:
    161036 (17.60%) aligned 0 times
    584610 (63.88%) aligned exactly 1 time
    169530 (18.52%) aligned >1 times
82.40% overall alignment rate
SRR9198646
82996 reads; of these:
  82996 (100.00%) were unpaired; of these:
    68405 (82.42%) aligned 0 times
    5198 (6.26%) aligned exactly 1 time
    9393 (11.32%) aligned >1 times
17.58% overall alignment rate
SRR9198647
1049805 reads; of these:
  1049805 (100.00%) were unpaired; of these:
    194591 (18.54%) aligned 0 times
    660743 (62.94%) aligned exactly 1 time
    194471 (18.52%) aligned >1 times
81.46% overall alignment rate
SRR9198648
1084965 reads; of these:
  1084965 (100.00%) were unpaired; of these:
    192786 (17.77%) aligned 0 times
    663944 (61.19%) aligned exactly 1 time
    228235 (21.04%) aligned >1 times
82.23% overall alignment rate
SRR9198649
951789 reads; of these:
  951789 (100.00%) were unpaired; of these:
    139798 (14.69%) aligned 0 times
    584645 (61.43%) aligned exactly 1 time
    227346 (23.89%) aligned >1 times
85.31% overall alignment rate
SRR9198650
831885 reads; of these:
  831885 (100.00%) were unpaired; of these:
    141755 (17.04%) aligned 0 times
    524801 (63.09%) aligned exactly 1 time
    165329 (19.87%) aligned >1 times
82.96% overall alignment rate
SRR9198651
810513 reads; of these:
  810513 (100.00%) were unpaired; of these:
    139555 (17.22%) aligned 0 times
    517292 (63.82%) aligned exactly 1 time
    153666 (18.96%) aligned >1 times
82.78% overall alignment rate
SRR9198652
102324 reads; of these:
  102324 (100.00%) were unpaired; of these:
    19571 (19.13%) aligned 0 times
    63084 (61.65%) aligned exactly 1 time
    19669 (19.22%) aligned >1 times
80.87% overall alignment rate
SRR9198653
146790 reads; of these:
  146790 (100.00%) were unpaired; of these:
    119986 (81.74%) aligned 0 times
    9510 (6.48%) aligned exactly 1 time
    17294 (11.78%) aligned >1 times
18.26% overall alignment rate
SRR9198654
747679 reads; of these:
  747679 (100.00%) were unpaired; of these:
    146328 (19.57%) aligned 0 times
    470275 (62.90%) aligned exactly 1 time
    131076 (17.53%) aligned >1 times
80.43% overall alignment rate
SRR9198655
857122 reads; of these:
  857122 (100.00%) were unpaired; of these:
    134193 (15.66%) aligned 0 times
    551477 (64.34%) aligned exactly 1 time
    171452 (20.00%) aligned >1 times
84.34% overall alignment rate
SRR9198656
576710 reads; of these:
  576710 (100.00%) were unpaired; of these:
    96401 (16.72%) aligned 0 times
    368518 (63.90%) aligned exactly 1 time
    111791 (19.38%) aligned >1 times
83.28% overall alignment rate
SRR9198657
487981 reads; of these:
  487981 (100.00%) were unpaired; of these:
    86101 (17.64%) aligned 0 times
    304343 (62.37%) aligned exactly 1 time
    97537 (19.99%) aligned >1 times
82.36% overall alignment rate
SRR9198658
934817 reads; of these:
  934817 (100.00%) were unpaired; of these:
    154502 (16.53%) aligned 0 times
    576551 (61.68%) aligned exactly 1 time
    203764 (21.80%) aligned >1 times
83.47% overall alignment rate
SRR9198659
444032 reads; of these:
  444032 (100.00%) were unpaired; of these:
    82833 (18.65%) aligned 0 times
    276356 (62.24%) aligned exactly 1 time
    84843 (19.11%) aligned >1 times
81.35% overall alignment rate
SRR9198660
734903 reads; of these:
  734903 (100.00%) were unpaired; of these:
    118012 (16.06%) aligned 0 times
    459862 (62.57%) aligned exactly 1 time
    157029 (21.37%) aligned >1 times
83.94% overall alignment rate
SRR9198661
558828 reads; of these:
  558828 (100.00%) were unpaired; of these:
    82717 (14.80%) aligned 0 times
    342802 (61.34%) aligned exactly 1 time
    133309 (23.86%) aligned >1 times
85.20% overall alignment rate
SRR9198662
643554 reads; of these:
  643554 (100.00%) were unpaired; of these:
    130537 (20.28%) aligned 0 times
    391574 (60.85%) aligned exactly 1 time
    121443 (18.87%) aligned >1 times
79.72% overall alignment rate
SRR9198663
509505 reads; of these:
  509505 (100.00%) were unpaired; of these:
    70659 (13.87%) aligned 0 times
    322130 (63.22%) aligned exactly 1 time
    116716 (22.91%) aligned >1 times
86.13% overall alignment rate
SRR9198664
569486 reads; of these:
  569486 (100.00%) were unpaired; of these:
    104520 (18.35%) aligned 0 times
    347559 (61.03%) aligned exactly 1 time
    117407 (20.62%) aligned >1 times
81.65% overall alignment rate
SRR9198665
533041 reads; of these:
  533041 (100.00%) were unpaired; of these:
    113155 (21.23%) aligned 0 times
    302082 (56.67%) aligned exactly 1 time
    117804 (22.10%) aligned >1 times
78.77% overall alignment rate
SRR9198666
332355 reads; of these:
  332355 (100.00%) were unpaired; of these:
    55942 (16.83%) aligned 0 times
    205429 (61.81%) aligned exactly 1 time
    70984 (21.36%) aligned >1 times
83.17% overall alignment rate
SRR9198667
305938 reads; of these:
  305938 (100.00%) were unpaired; of these:
    60244 (19.69%) aligned 0 times
    185868 (60.75%) aligned exactly 1 time
    59826 (19.55%) aligned >1 times
80.31% overall alignment rate
SRR9198668
548755 reads; of these:
  548755 (100.00%) were unpaired; of these:
    105953 (19.31%) aligned 0 times
    335150 (61.07%) aligned exactly 1 time
    107652 (19.62%) aligned >1 times
80.69% overall alignment rate
SRR9198669
655138 reads; of these:
  655138 (100.00%) were unpaired; of these:
    106505 (16.26%) aligned 0 times
    427947 (65.32%) aligned exactly 1 time
    120686 (18.42%) aligned >1 times
83.74% overall alignment rate
SRR9198670
450213 reads; of these:
  450213 (100.00%) were unpaired; of these:
    75029 (16.67%) aligned 0 times
    280441 (62.29%) aligned exactly 1 time
    94743 (21.04%) aligned >1 times
83.33% overall alignment rate
SRR9198671
599710 reads; of these:
  599710 (100.00%) were unpaired; of these:
    133531 (22.27%) aligned 0 times
    348821 (58.16%) aligned exactly 1 time
    117358 (19.57%) aligned >1 times
77.73% overall alignment rate
SRR9198672
728062 reads; of these:
  728062 (100.00%) were unpaired; of these:
    114166 (15.68%) aligned 0 times
    476711 (65.48%) aligned exactly 1 time
    137185 (18.84%) aligned >1 times
84.32% overall alignment rate
SRR9198673
581294 reads; of these:
  581294 (100.00%) were unpaired; of these:
    92161 (15.85%) aligned 0 times
    374829 (64.48%) aligned exactly 1 time
    114304 (19.66%) aligned >1 times
84.15% overall alignment rate
SRR9198674
764522 reads; of these:
  764522 (100.00%) were unpaired; of these:
    134027 (17.53%) aligned 0 times
    495514 (64.81%) aligned exactly 1 time
    134981 (17.66%) aligned >1 times
82.47% overall alignment rate
SRR9198675
720889 reads; of these:
  720889 (100.00%) were unpaired; of these:
    135000 (18.73%) aligned 0 times
    429599 (59.59%) aligned exactly 1 time
    156290 (21.68%) aligned >1 times
81.27% overall alignment rate
SRR9198676
547489 reads; of these:
  547489 (100.00%) were unpaired; of these:
    88118 (16.09%) aligned 0 times
    342514 (62.56%) aligned exactly 1 time
    116857 (21.34%) aligned >1 times
83.91% overall alignment rate
SRR9198677
1321165 reads; of these:
  1321165 (100.00%) were unpaired; of these:
    198184 (15.00%) aligned 0 times
    824526 (62.41%) aligned exactly 1 time
    298455 (22.59%) aligned >1 times
85.00% overall alignment rate
SRR9198678
1076728 reads; of these:
  1076728 (100.00%) were unpaired; of these:
    196915 (18.29%) aligned 0 times
    689478 (64.03%) aligned exactly 1 time
    190335 (17.68%) aligned >1 times
81.71% overall alignment rate
SRR9198679
584176 reads; of these:
  584176 (100.00%) were unpaired; of these:
    74887 (12.82%) aligned 0 times
    383644 (65.67%) aligned exactly 1 time
    125645 (21.51%) aligned >1 times
87.18% overall alignment rate
SRR9198680
1186325 reads; of these:
  1186325 (100.00%) were unpaired; of these:
    214451 (18.08%) aligned 0 times
    760232 (64.08%) aligned exactly 1 time
    211642 (17.84%) aligned >1 times
81.92% overall alignment rate
SRR9198681
255107 reads; of these:
  255107 (100.00%) were unpaired; of these:
    54407 (21.33%) aligned 0 times
    155748 (61.05%) aligned exactly 1 time
    44952 (17.62%) aligned >1 times
78.67% overall alignment rate
SRR9198682
1052259 reads; of these:
  1052259 (100.00%) were unpaired; of these:
    208960 (19.86%) aligned 0 times
    646704 (61.46%) aligned exactly 1 time
    196595 (18.68%) aligned >1 times
80.14% overall alignment rate
SRR9198683
343485 reads; of these:
  343485 (100.00%) were unpaired; of these:
    56521 (16.46%) aligned 0 times
    213306 (62.10%) aligned exactly 1 time
    73658 (21.44%) aligned >1 times
83.54% overall alignment rate
SRR9198684
530981 reads; of these:
  530981 (100.00%) were unpaired; of these:
    74675 (14.06%) aligned 0 times
    362565 (68.28%) aligned exactly 1 time
    93741 (17.65%) aligned >1 times
85.94% overall alignment rate
SRR9198685
247428 reads; of these:
  247428 (100.00%) were unpaired; of these:
    214980 (86.89%) aligned 0 times
    14293 (5.78%) aligned exactly 1 time
    18155 (7.34%) aligned >1 times
13.11% overall alignment rate
SRR9198686
899204 reads; of these:
  899204 (100.00%) were unpaired; of these:
    141971 (15.79%) aligned 0 times
    580880 (64.60%) aligned exactly 1 time
    176353 (19.61%) aligned >1 times
84.21% overall alignment rate
SRR9198687
880066 reads; of these:
  880066 (100.00%) were unpaired; of these:
    128174 (14.56%) aligned 0 times
    589831 (67.02%) aligned exactly 1 time
    162061 (18.41%) aligned >1 times
85.44% overall alignment rate
SRR9198688
1074344 reads; of these:
  1074344 (100.00%) were unpaired; of these:
    179059 (16.67%) aligned 0 times
    701460 (65.29%) aligned exactly 1 time
    193825 (18.04%) aligned >1 times
83.33% overall alignment rate
SRR9198689
520086 reads; of these:
  520086 (100.00%) were unpaired; of these:
    68537 (13.18%) aligned 0 times
    336353 (64.67%) aligned exactly 1 time
    115196 (22.15%) aligned >1 times
86.82% overall alignment rate
SRR9198690
257128 reads; of these:
  257128 (100.00%) were unpaired; of these:
    94476 (36.74%) aligned 0 times
    107424 (41.78%) aligned exactly 1 time
    55228 (21.48%) aligned >1 times
63.26% overall alignment rate
SRR9198691
617388 reads; of these:
  617388 (100.00%) were unpaired; of these:
    91362 (14.80%) aligned 0 times
    408759 (66.21%) aligned exactly 1 time
    117267 (18.99%) aligned >1 times
85.20% overall alignment rate
SRR9198692
883281 reads; of these:
  883281 (100.00%) were unpaired; of these:
    134622 (15.24%) aligned 0 times
    589605 (66.75%) aligned exactly 1 time
    159054 (18.01%) aligned >1 times
84.76% overall alignment rate
SRR9198693
952323 reads; of these:
  952323 (100.00%) were unpaired; of these:
    232002 (24.36%) aligned 0 times
    532024 (55.87%) aligned exactly 1 time
    188297 (19.77%) aligned >1 times
75.64% overall alignment rate
SRR9198694
827522 reads; of these:
  827522 (100.00%) were unpaired; of these:
    243020 (29.37%) aligned 0 times
    437000 (52.81%) aligned exactly 1 time
    147502 (17.82%) aligned >1 times
70.63% overall alignment rate
SRR9198695
1366195 reads; of these:
  1366195 (100.00%) were unpaired; of these:
    175386 (12.84%) aligned 0 times
    878711 (64.32%) aligned exactly 1 time
    312098 (22.84%) aligned >1 times
87.16% overall alignment rate
SRR9198696
428090 reads; of these:
  428090 (100.00%) were unpaired; of these:
    104454 (24.40%) aligned 0 times
    239605 (55.97%) aligned exactly 1 time
    84031 (19.63%) aligned >1 times
75.60% overall alignment rate
SRR9198697
694839 reads; of these:
  694839 (100.00%) were unpaired; of these:
    94811 (13.65%) aligned 0 times
    478842 (68.91%) aligned exactly 1 time
    121186 (17.44%) aligned >1 times
86.35% overall alignment rate
SRR9198698
1252113 reads; of these:
  1252113 (100.00%) were unpaired; of these:
    210160 (16.78%) aligned 0 times
    811812 (64.84%) aligned exactly 1 time
    230141 (18.38%) aligned >1 times
83.22% overall alignment rate
SRR9198699
216180 reads; of these:
  216180 (100.00%) were unpaired; of these:
    194718 (90.07%) aligned 0 times
    7972 (3.69%) aligned exactly 1 time
    13490 (6.24%) aligned >1 times
9.93% overall alignment rate
SRR9198700
305959 reads; of these:
  305959 (100.00%) were unpaired; of these:
    276246 (90.29%) aligned 0 times
    11517 (3.76%) aligned exactly 1 time
    18196 (5.95%) aligned >1 times
9.71% overall alignment rate
SRR9198701
667144 reads; of these:
  667144 (100.00%) were unpaired; of these:
    121104 (18.15%) aligned 0 times
    425324 (63.75%) aligned exactly 1 time
    120716 (18.09%) aligned >1 times
81.85% overall alignment rate
SRR9198702
1751572 reads; of these:
  1751572 (100.00%) were unpaired; of these:
    393937 (22.49%) aligned 0 times
    1056947 (60.34%) aligned exactly 1 time
    300688 (17.17%) aligned >1 times
77.51% overall alignment rate
SRR9198703
194580 reads; of these:
  194580 (100.00%) were unpaired; of these:
    75557 (38.83%) aligned 0 times
    89109 (45.80%) aligned exactly 1 time
    29914 (15.37%) aligned >1 times
61.17% overall alignment rate
SRR9198704
285628 reads; of these:
  285628 (100.00%) were unpaired; of these:
    137089 (48.00%) aligned 0 times
    106598 (37.32%) aligned exactly 1 time
    41941 (14.68%) aligned >1 times
52.00% overall alignment rate
SRR9198705
244858 reads; of these:
  244858 (100.00%) were unpaired; of these:
    72167 (29.47%) aligned 0 times
    154543 (63.12%) aligned exactly 1 time
    18148 (7.41%) aligned >1 times
70.53% overall alignment rate
SRR9198706
406232 reads; of these:
  406232 (100.00%) were unpaired; of these:
    158772 (39.08%) aligned 0 times
    188557 (46.42%) aligned exactly 1 time
    58903 (14.50%) aligned >1 times
60.92% overall alignment rate
SRR9198707
380857 reads; of these:
  380857 (100.00%) were unpaired; of these:
    111642 (29.31%) aligned 0 times
    204704 (53.75%) aligned exactly 1 time
    64511 (16.94%) aligned >1 times
70.69% overall alignment rate
SRR9198708
676555 reads; of these:
  676555 (100.00%) were unpaired; of these:
    200582 (29.65%) aligned 0 times
    366862 (54.23%) aligned exactly 1 time
    109111 (16.13%) aligned >1 times
70.35% overall alignment rate
SRR9198709
442227 reads; of these:
  442227 (100.00%) were unpaired; of these:
    93219 (21.08%) aligned 0 times
    269121 (60.86%) aligned exactly 1 time
    79887 (18.06%) aligned >1 times
78.92% overall alignment rate
SRR9198710
1104053 reads; of these:
  1104053 (100.00%) were unpaired; of these:
    187782 (17.01%) aligned 0 times
    786735 (71.26%) aligned exactly 1 time
    129536 (11.73%) aligned >1 times
82.99% overall alignment rate
SRR9198711
884362 reads; of these:
  884362 (100.00%) were unpaired; of these:
    151882 (17.17%) aligned 0 times
    581203 (65.72%) aligned exactly 1 time
    151277 (17.11%) aligned >1 times
82.83% overall alignment rate
SRR9198712
73142 reads; of these:
  73142 (100.00%) were unpaired; of these:
    58492 (79.97%) aligned 0 times
    5191 (7.10%) aligned exactly 1 time
    9459 (12.93%) aligned >1 times
20.03% overall alignment rate
SRR9198713
1122667 reads; of these:
  1122667 (100.00%) were unpaired; of these:
    127120 (11.32%) aligned 0 times
    738992 (65.82%) aligned exactly 1 time
    256555 (22.85%) aligned >1 times
88.68% overall alignment rate
SRR9198714
1156197 reads; of these:
  1156197 (100.00%) were unpaired; of these:
    193971 (16.78%) aligned 0 times
    754097 (65.22%) aligned exactly 1 time
    208129 (18.00%) aligned >1 times
83.22% overall alignment rate
SRR9198715
1074944 reads; of these:
  1074944 (100.00%) were unpaired; of these:
    120992 (11.26%) aligned 0 times
    696481 (64.79%) aligned exactly 1 time
    257471 (23.95%) aligned >1 times
88.74% overall alignment rate
SRR9198716
653750 reads; of these:
  653750 (100.00%) were unpaired; of these:
    98054 (15.00%) aligned 0 times
    419915 (64.23%) aligned exactly 1 time
    135781 (20.77%) aligned >1 times
85.00% overall alignment rate
SRR9198717
1018234 reads; of these:
  1018234 (100.00%) were unpaired; of these:
    150537 (14.78%) aligned 0 times
    686211 (67.39%) aligned exactly 1 time
    181486 (17.82%) aligned >1 times
85.22% overall alignment rate
SRR9198718
890120 reads; of these:
  890120 (100.00%) were unpaired; of these:
    103913 (11.67%) aligned 0 times
    627193 (70.46%) aligned exactly 1 time
    159014 (17.86%) aligned >1 times
88.33% overall alignment rate
SRR9198719
958535 reads; of these:
  958535 (100.00%) were unpaired; of these:
    120119 (12.53%) aligned 0 times
    629225 (65.64%) aligned exactly 1 time
    209191 (21.82%) aligned >1 times
87.47% overall alignment rate
SRR9198720
1224257 reads; of these:
  1224257 (100.00%) were unpaired; of these:
    219349 (17.92%) aligned 0 times
    760753 (62.14%) aligned exactly 1 time
    244155 (19.94%) aligned >1 times
82.08% overall alignment rate
SRR9198721
1176673 reads; of these:
  1176673 (100.00%) were unpaired; of these:
    179952 (15.29%) aligned 0 times
    778430 (66.16%) aligned exactly 1 time
    218291 (18.55%) aligned >1 times
84.71% overall alignment rate
SRR9198722
263492 reads; of these:
  263492 (100.00%) were unpaired; of these:
    228187 (86.60%) aligned 0 times
    20199 (7.67%) aligned exactly 1 time
    15106 (5.73%) aligned >1 times
13.40% overall alignment rate
SRR9198723
96412 reads; of these:
  96412 (100.00%) were unpaired; of these:
    76432 (79.28%) aligned 0 times
    6772 (7.02%) aligned exactly 1 time
    13208 (13.70%) aligned >1 times
20.72% overall alignment rate
SRR9198724
999443 reads; of these:
  999443 (100.00%) were unpaired; of these:
    161608 (16.17%) aligned 0 times
    651316 (65.17%) aligned exactly 1 time
    186519 (18.66%) aligned >1 times
83.83% overall alignment rate
SRR9198725
1123552 reads; of these:
  1123552 (100.00%) were unpaired; of these:
    159429 (14.19%) aligned 0 times
    760636 (67.70%) aligned exactly 1 time
    203487 (18.11%) aligned >1 times
85.81% overall alignment rate
SRR9198726
1306884 reads; of these:
  1306884 (100.00%) were unpaired; of these:
    200572 (15.35%) aligned 0 times
    849540 (65.01%) aligned exactly 1 time
    256772 (19.65%) aligned >1 times
84.65% overall alignment rate
SRR9198727
1275037 reads; of these:
  1275037 (100.00%) were unpaired; of these:
    213161 (16.72%) aligned 0 times
    815147 (63.93%) aligned exactly 1 time
    246729 (19.35%) aligned >1 times
83.28% overall alignment rate
SRR9198728
1597635 reads; of these:
  1597635 (100.00%) were unpaired; of these:
    236424 (14.80%) aligned 0 times
    1072480 (67.13%) aligned exactly 1 time
    288731 (18.07%) aligned >1 times
85.20% overall alignment rate
SRR9198729
1101786 reads; of these:
  1101786 (100.00%) were unpaired; of these:
    135756 (12.32%) aligned 0 times
    699511 (63.49%) aligned exactly 1 time
    266519 (24.19%) aligned >1 times
87.68% overall alignment rate
SRR9198730
917820 reads; of these:
  917820 (100.00%) were unpaired; of these:
    136254 (14.85%) aligned 0 times
    596016 (64.94%) aligned exactly 1 time
    185550 (20.22%) aligned >1 times
85.15% overall alignment rate
SRR9198731
1055535 reads; of these:
  1055535 (100.00%) were unpaired; of these:
    197343 (18.70%) aligned 0 times
    656781 (62.22%) aligned exactly 1 time
    201411 (19.08%) aligned >1 times
81.30% overall alignment rate
SRR9198732
960502 reads; of these:
  960502 (100.00%) were unpaired; of these:
    155102 (16.15%) aligned 0 times
    584901 (60.90%) aligned exactly 1 time
    220499 (22.96%) aligned >1 times
83.85% overall alignment rate
SRR9198733
1111369 reads; of these:
  1111369 (100.00%) were unpaired; of these:
    174385 (15.69%) aligned 0 times
    721284 (64.90%) aligned exactly 1 time
    215700 (19.41%) aligned >1 times
84.31% overall alignment rate
SRR9198734
610216 reads; of these:
  610216 (100.00%) were unpaired; of these:
    159054 (26.07%) aligned 0 times
    313404 (51.36%) aligned exactly 1 time
    137758 (22.58%) aligned >1 times
73.93% overall alignment rate
SRR9198735
1055813 reads; of these:
  1055813 (100.00%) were unpaired; of these:
    162240 (15.37%) aligned 0 times
    702327 (66.52%) aligned exactly 1 time
    191246 (18.11%) aligned >1 times
84.63% overall alignment rate
SRR9198736
818625 reads; of these:
  818625 (100.00%) were unpaired; of these:
    126208 (15.42%) aligned 0 times
    538467 (65.78%) aligned exactly 1 time
    153950 (18.81%) aligned >1 times
84.58% overall alignment rate
SRR9198737
279987 reads; of these:
  279987 (100.00%) were unpaired; of these:
    244637 (87.37%) aligned 0 times
    20167 (7.20%) aligned exactly 1 time
    15183 (5.42%) aligned >1 times
12.63% overall alignment rate
SRR9198738
724422 reads; of these:
  724422 (100.00%) were unpaired; of these:
    141179 (19.49%) aligned 0 times
    446379 (61.62%) aligned exactly 1 time
    136864 (18.89%) aligned >1 times
80.51% overall alignment rate
SRR9198739
690951 reads; of these:
  690951 (100.00%) were unpaired; of these:
    121541 (17.59%) aligned 0 times
    405602 (58.70%) aligned exactly 1 time
    163808 (23.71%) aligned >1 times
82.41% overall alignment rate
SRR9198740
706050 reads; of these:
  706050 (100.00%) were unpaired; of these:
    123213 (17.45%) aligned 0 times
    443737 (62.85%) aligned exactly 1 time
    139100 (19.70%) aligned >1 times
82.55% overall alignment rate
SRR9198741
489627 reads; of these:
  489627 (100.00%) were unpaired; of these:
    64427 (13.16%) aligned 0 times
    315765 (64.49%) aligned exactly 1 time
    109435 (22.35%) aligned >1 times
86.84% overall alignment rate
SRR9198742
546471 reads; of these:
  546471 (100.00%) were unpaired; of these:
    95530 (17.48%) aligned 0 times
    351257 (64.28%) aligned exactly 1 time
    99684 (18.24%) aligned >1 times
82.52% overall alignment rate
SRR9198743
579496 reads; of these:
  579496 (100.00%) were unpaired; of these:
    88718 (15.31%) aligned 0 times
    360557 (62.22%) aligned exactly 1 time
    130221 (22.47%) aligned >1 times
84.69% overall alignment rate
SRR9198744
435791 reads; of these:
  435791 (100.00%) were unpaired; of these:
    66497 (15.26%) aligned 0 times
    287541 (65.98%) aligned exactly 1 time
    81753 (18.76%) aligned >1 times
84.74% overall alignment rate
SRR9198745
660768 reads; of these:
  660768 (100.00%) were unpaired; of these:
    100911 (15.27%) aligned 0 times
    424049 (64.18%) aligned exactly 1 time
    135808 (20.55%) aligned >1 times
84.73% overall alignment rate
SRR9198746
631686 reads; of these:
  631686 (100.00%) were unpaired; of these:
    128490 (20.34%) aligned 0 times
    386484 (61.18%) aligned exactly 1 time
    116712 (18.48%) aligned >1 times
79.66% overall alignment rate
SRR9198747
504987 reads; of these:
  504987 (100.00%) were unpaired; of these:
    70283 (13.92%) aligned 0 times
    319528 (63.27%) aligned exactly 1 time
    115176 (22.81%) aligned >1 times
86.08% overall alignment rate
SRR9198748
597233 reads; of these:
  597233 (100.00%) were unpaired; of these:
    81204 (13.60%) aligned 0 times
    394743 (66.10%) aligned exactly 1 time
    121286 (20.31%) aligned >1 times
86.40% overall alignment rate
SRR9198749
664540 reads; of these:
  664540 (100.00%) were unpaired; of these:
    96076 (14.46%) aligned 0 times
    452921 (68.16%) aligned exactly 1 time
    115543 (17.39%) aligned >1 times
85.54% overall alignment rate
SRR9198750
696341 reads; of these:
  696341 (100.00%) were unpaired; of these:
    99382 (14.27%) aligned 0 times
    465116 (66.79%) aligned exactly 1 time
    131843 (18.93%) aligned >1 times
85.73% overall alignment rate
SRR9198751
461020 reads; of these:
  461020 (100.00%) were unpaired; of these:
    64936 (14.09%) aligned 0 times
    299012 (64.86%) aligned exactly 1 time
    97072 (21.06%) aligned >1 times
85.91% overall alignment rate
SRR9198752
475406 reads; of these:
  475406 (100.00%) were unpaired; of these:
    71193 (14.98%) aligned 0 times
    298185 (62.72%) aligned exactly 1 time
    106028 (22.30%) aligned >1 times
85.02% overall alignment rate
SRR9198753
704188 reads; of these:
  704188 (100.00%) were unpaired; of these:
    86992 (12.35%) aligned 0 times
    460401 (65.38%) aligned exactly 1 time
    156795 (22.27%) aligned >1 times
87.65% overall alignment rate
SRR9198754
836242 reads; of these:
  836242 (100.00%) were unpaired; of these:
    144131 (17.24%) aligned 0 times
    538193 (64.36%) aligned exactly 1 time
    153918 (18.41%) aligned >1 times
82.76% overall alignment rate
SRR9198755
695573 reads; of these:
  695573 (100.00%) were unpaired; of these:
    118388 (17.02%) aligned 0 times
    448136 (64.43%) aligned exactly 1 time
    129049 (18.55%) aligned >1 times
82.98% overall alignment rate
SRR9198756
514571 reads; of these:
  514571 (100.00%) were unpaired; of these:
    78605 (15.28%) aligned 0 times
    328893 (63.92%) aligned exactly 1 time
    107073 (20.81%) aligned >1 times
84.72% overall alignment rate
SRR9198757
462021 reads; of these:
  462021 (100.00%) were unpaired; of these:
    60139 (13.02%) aligned 0 times
    304771 (65.96%) aligned exactly 1 time
    97111 (21.02%) aligned >1 times
86.98% overall alignment rate
SRR9198758
757492 reads; of these:
  757492 (100.00%) were unpaired; of these:
    107648 (14.21%) aligned 0 times
    484859 (64.01%) aligned exactly 1 time
    164985 (21.78%) aligned >1 times
85.79% overall alignment rate
SRR9198759
741130 reads; of these:
  741130 (100.00%) were unpaired; of these:
    114011 (15.38%) aligned 0 times
    489146 (66.00%) aligned exactly 1 time
    137973 (18.62%) aligned >1 times
84.62% overall alignment rate
SRR9198760
629306 reads; of these:
  629306 (100.00%) were unpaired; of these:
    88387 (14.05%) aligned 0 times
    397218 (63.12%) aligned exactly 1 time
    143701 (22.83%) aligned >1 times
85.95% overall alignment rate
SRR9198761
658611 reads; of these:
  658611 (100.00%) were unpaired; of these:
    86438 (13.12%) aligned 0 times
    445992 (67.72%) aligned exactly 1 time
    126181 (19.16%) aligned >1 times
86.88% overall alignment rate
SRR9198762
719059 reads; of these:
  719059 (100.00%) were unpaired; of these:
    115049 (16.00%) aligned 0 times
    461627 (64.20%) aligned exactly 1 time
    142383 (19.80%) aligned >1 times
84.00% overall alignment rate
SRR9198763
469560 reads; of these:
  469560 (100.00%) were unpaired; of these:
    83209 (17.72%) aligned 0 times
    295863 (63.01%) aligned exactly 1 time
    90488 (19.27%) aligned >1 times
82.28% overall alignment rate
SRR9198764
706839 reads; of these:
  706839 (100.00%) were unpaired; of these:
    126076 (17.84%) aligned 0 times
    443890 (62.80%) aligned exactly 1 time
    136873 (19.36%) aligned >1 times
82.16% overall alignment rate
SRR9198765
585374 reads; of these:
  585374 (100.00%) were unpaired; of these:
    94156 (16.08%) aligned 0 times
    364400 (62.25%) aligned exactly 1 time
    126818 (21.66%) aligned >1 times
83.92% overall alignment rate
SRR9198766
390403 reads; of these:
  390403 (100.00%) were unpaired; of these:
    97329 (24.93%) aligned 0 times
    212935 (54.54%) aligned exactly 1 time
    80139 (20.53%) aligned >1 times
75.07% overall alignment rate
SRR9198767
425663 reads; of these:
  425663 (100.00%) were unpaired; of these:
    67044 (15.75%) aligned 0 times
    264604 (62.16%) aligned exactly 1 time
    94015 (22.09%) aligned >1 times
84.25% overall alignment rate
SRR9198768
693392 reads; of these:
  693392 (100.00%) were unpaired; of these:
    121653 (17.54%) aligned 0 times
    431658 (62.25%) aligned exactly 1 time
    140081 (20.20%) aligned >1 times
82.46% overall alignment rate
SRR9198769
689514 reads; of these:
  689514 (100.00%) were unpaired; of these:
    119475 (17.33%) aligned 0 times
    433158 (62.82%) aligned exactly 1 time
    136881 (19.85%) aligned >1 times
82.67% overall alignment rate
SRR9198770
54893 reads; of these:
  54893 (100.00%) were unpaired; of these:
    44623 (81.29%) aligned 0 times
    3539 (6.45%) aligned exactly 1 time
    6731 (12.26%) aligned >1 times
18.71% overall alignment rate
SRR9198771
274477 reads; of these:
  274477 (100.00%) were unpaired; of these:
    46579 (16.97%) aligned 0 times
    168904 (61.54%) aligned exactly 1 time
    58994 (21.49%) aligned >1 times
83.03% overall alignment rate
SRR9198772
281474 reads; of these:
  281474 (100.00%) were unpaired; of these:
    47558 (16.90%) aligned 0 times
    179639 (63.82%) aligned exactly 1 time
    54277 (19.28%) aligned >1 times
83.10% overall alignment rate
SRR9198773
528964 reads; of these:
  528964 (100.00%) were unpaired; of these:
    87650 (16.57%) aligned 0 times
    343393 (64.92%) aligned exactly 1 time
    97921 (18.51%) aligned >1 times
83.43% overall alignment rate
SRR9198774
359708 reads; of these:
  359708 (100.00%) were unpaired; of these:
    62905 (17.49%) aligned 0 times
    229119 (63.70%) aligned exactly 1 time
    67684 (18.82%) aligned >1 times
82.51% overall alignment rate
SRR9198775
398215 reads; of these:
  398215 (100.00%) were unpaired; of these:
    67126 (16.86%) aligned 0 times
    253947 (63.77%) aligned exactly 1 time
    77142 (19.37%) aligned >1 times
83.14% overall alignment rate
SRR9198776
814931 reads; of these:
  814931 (100.00%) were unpaired; of these:
    121881 (14.96%) aligned 0 times
    546089 (67.01%) aligned exactly 1 time
    146961 (18.03%) aligned >1 times
85.04% overall alignment rate
SRR9198777
384150 reads; of these:
  384150 (100.00%) were unpaired; of these:
    71245 (18.55%) aligned 0 times
    241550 (62.88%) aligned exactly 1 time
    71355 (18.57%) aligned >1 times
81.45% overall alignment rate
SRR9198778
586867 reads; of these:
  586867 (100.00%) were unpaired; of these:
    71489 (12.18%) aligned 0 times
    442218 (75.35%) aligned exactly 1 time
    73160 (12.47%) aligned >1 times
87.82% overall alignment rate
SRR9198779
197878 reads; of these:
  197878 (100.00%) were unpaired; of these:
    38858 (19.64%) aligned 0 times
    121260 (61.28%) aligned exactly 1 time
    37760 (19.08%) aligned >1 times
80.36% overall alignment rate
SRR9198780
538100 reads; of these:
  538100 (100.00%) were unpaired; of these:
    75584 (14.05%) aligned 0 times
    346152 (64.33%) aligned exactly 1 time
    116364 (21.62%) aligned >1 times
85.95% overall alignment rate
SRR9198781
446774 reads; of these:
  446774 (100.00%) were unpaired; of these:
    80111 (17.93%) aligned 0 times
    281306 (62.96%) aligned exactly 1 time
    85357 (19.11%) aligned >1 times
82.07% overall alignment rate
SRR9198782
900654 reads; of these:
  900654 (100.00%) were unpaired; of these:
    158102 (17.55%) aligned 0 times
    560110 (62.19%) aligned exactly 1 time
    182442 (20.26%) aligned >1 times
82.45% overall alignment rate
SRR9198783
113087 reads; of these:
  113087 (100.00%) were unpaired; of these:
    94778 (83.81%) aligned 0 times
    9499 (8.40%) aligned exactly 1 time
    8810 (7.79%) aligned >1 times
16.19% overall alignment rate
SRR9198784
1085102 reads; of these:
  1085102 (100.00%) were unpaired; of these:
    187352 (17.27%) aligned 0 times
    697289 (64.26%) aligned exactly 1 time
    200461 (18.47%) aligned >1 times
82.73% overall alignment rate
SRR9198785
1044343 reads; of these:
  1044343 (100.00%) were unpaired; of these:
    219731 (21.04%) aligned 0 times
    631868 (60.50%) aligned exactly 1 time
    192744 (18.46%) aligned >1 times
78.96% overall alignment rate
SRR9198786
1181270 reads; of these:
  1181270 (100.00%) were unpaired; of these:
    149738 (12.68%) aligned 0 times
    757075 (64.09%) aligned exactly 1 time
    274457 (23.23%) aligned >1 times
87.32% overall alignment rate
SRR9198787
116316 reads; of these:
  116316 (100.00%) were unpaired; of these:
    100156 (86.11%) aligned 0 times
    7196 (6.19%) aligned exactly 1 time
    8964 (7.71%) aligned >1 times
13.89% overall alignment rate
SRR9198788
763902 reads; of these:
  763902 (100.00%) were unpaired; of these:
    124767 (16.33%) aligned 0 times
    503289 (65.88%) aligned exactly 1 time
    135846 (17.78%) aligned >1 times
83.67% overall alignment rate
SRR9198789
290180 reads; of these:
  290180 (100.00%) were unpaired; of these:
    58637 (20.21%) aligned 0 times
    173066 (59.64%) aligned exactly 1 time
    58477 (20.15%) aligned >1 times
79.79% overall alignment rate
SRR9198790
175014 reads; of these:
  175014 (100.00%) were unpaired; of these:
    39289 (22.45%) aligned 0 times
    102014 (58.29%) aligned exactly 1 time
    33711 (19.26%) aligned >1 times
77.55% overall alignment rate
SRR9198791
385823 reads; of these:
  385823 (100.00%) were unpaired; of these:
    85960 (22.28%) aligned 0 times
    217048 (56.26%) aligned exactly 1 time
    82815 (21.46%) aligned >1 times
77.72% overall alignment rate
SRR9198792
753773 reads; of these:
  753773 (100.00%) were unpaired; of these:
    125863 (16.70%) aligned 0 times
    477031 (63.29%) aligned exactly 1 time
    150879 (20.02%) aligned >1 times
83.30% overall alignment rate
SRR9198793
623941 reads; of these:
  623941 (100.00%) were unpaired; of these:
    88812 (14.23%) aligned 0 times
    386637 (61.97%) aligned exactly 1 time
    148492 (23.80%) aligned >1 times
85.77% overall alignment rate
SRR9198794
449625 reads; of these:
  449625 (100.00%) were unpaired; of these:
    52381 (11.65%) aligned 0 times
    287335 (63.91%) aligned exactly 1 time
    109909 (24.44%) aligned >1 times
88.35% overall alignment rate
SRR9198795
603824 reads; of these:
  603824 (100.00%) were unpaired; of these:
    87327 (14.46%) aligned 0 times
    460366 (76.24%) aligned exactly 1 time
    56131 (9.30%) aligned >1 times
85.54% overall alignment rate
SRR9198796
465449 reads; of these:
  465449 (100.00%) were unpaired; of these:
    75063 (16.13%) aligned 0 times
    306837 (65.92%) aligned exactly 1 time
    83549 (17.95%) aligned >1 times
83.87% overall alignment rate
SRR9198797
716948 reads; of these:
  716948 (100.00%) were unpaired; of these:
    95999 (13.39%) aligned 0 times
    445676 (62.16%) aligned exactly 1 time
    175273 (24.45%) aligned >1 times
86.61% overall alignment rate
SRR9198798
846457 reads; of these:
  846457 (100.00%) were unpaired; of these:
    192215 (22.71%) aligned 0 times
    455481 (53.81%) aligned exactly 1 time
    198761 (23.48%) aligned >1 times
77.29% overall alignment rate
SRR9198799
646220 reads; of these:
  646220 (100.00%) were unpaired; of these:
    104918 (16.24%) aligned 0 times
    410675 (63.55%) aligned exactly 1 time
    130627 (20.21%) aligned >1 times
83.76% overall alignment rate
SRR9198800
534806 reads; of these:
  534806 (100.00%) were unpaired; of these:
    77914 (14.57%) aligned 0 times
    347031 (64.89%) aligned exactly 1 time
    109861 (20.54%) aligned >1 times
85.43% overall alignment rate
SRR9198801
612152 reads; of these:
  612152 (100.00%) were unpaired; of these:
    86166 (14.08%) aligned 0 times
    408071 (66.66%) aligned exactly 1 time
    117915 (19.26%) aligned >1 times
85.92% overall alignment rate
SRR9198802
779230 reads; of these:
  779230 (100.00%) were unpaired; of these:
    104576 (13.42%) aligned 0 times
    488043 (62.63%) aligned exactly 1 time
    186611 (23.95%) aligned >1 times
86.58% overall alignment rate
SRR9198803
1077525 reads; of these:
  1077525 (100.00%) were unpaired; of these:
    161167 (14.96%) aligned 0 times
    695207 (64.52%) aligned exactly 1 time
    221151 (20.52%) aligned >1 times
85.04% overall alignment rate
SRR9198804
79542 reads; of these:
  79542 (100.00%) were unpaired; of these:
    63272 (79.55%) aligned 0 times
    5596 (7.04%) aligned exactly 1 time
    10674 (13.42%) aligned >1 times
20.45% overall alignment rate
SRR9198805
589053 reads; of these:
  589053 (100.00%) were unpaired; of these:
    105179 (17.86%) aligned 0 times
    367462 (62.38%) aligned exactly 1 time
    116412 (19.76%) aligned >1 times
82.14% overall alignment rate
SRR9198806
820893 reads; of these:
  820893 (100.00%) were unpaired; of these:
    152667 (18.60%) aligned 0 times
    509021 (62.01%) aligned exactly 1 time
    159205 (19.39%) aligned >1 times
81.40% overall alignment rate
SRR9198807
1016683 reads; of these:
  1016683 (100.00%) were unpaired; of these:
    125909 (12.38%) aligned 0 times
    660813 (65.00%) aligned exactly 1 time
    229961 (22.62%) aligned >1 times
87.62% overall alignment rate
SRR9198808
923657 reads; of these:
  923657 (100.00%) were unpaired; of these:
    206987 (22.41%) aligned 0 times
    516038 (55.87%) aligned exactly 1 time
    200632 (21.72%) aligned >1 times
77.59% overall alignment rate
SRR9198809
689161 reads; of these:
  689161 (100.00%) were unpaired; of these:
    115505 (16.76%) aligned 0 times
    443365 (64.33%) aligned exactly 1 time
    130291 (18.91%) aligned >1 times
83.24% overall alignment rate
SRR9198810
1171919 reads; of these:
  1171919 (100.00%) were unpaired; of these:
    154141 (13.15%) aligned 0 times
    760148 (64.86%) aligned exactly 1 time
    257630 (21.98%) aligned >1 times
86.85% overall alignment rate
SRR9198811
617539 reads; of these:
  617539 (100.00%) were unpaired; of these:
    85390 (13.83%) aligned 0 times
    414191 (67.07%) aligned exactly 1 time
    117958 (19.10%) aligned >1 times
86.17% overall alignment rate
SRR9198812
563215 reads; of these:
  563215 (100.00%) were unpaired; of these:
    108249 (19.22%) aligned 0 times
    350482 (62.23%) aligned exactly 1 time
    104484 (18.55%) aligned >1 times
80.78% overall alignment rate
SRR9198813
573261 reads; of these:
  573261 (100.00%) were unpaired; of these:
    92296 (16.10%) aligned 0 times
    372845 (65.04%) aligned exactly 1 time
    108120 (18.86%) aligned >1 times
83.90% overall alignment rate
SRR9198814
422489 reads; of these:
  422489 (100.00%) were unpaired; of these:
    76861 (18.19%) aligned 0 times
    266050 (62.97%) aligned exactly 1 time
    79578 (18.84%) aligned >1 times
81.81% overall alignment rate
SRR9198815
694247 reads; of these:
  694247 (100.00%) were unpaired; of these:
    116825 (16.83%) aligned 0 times
    408454 (58.83%) aligned exactly 1 time
    168968 (24.34%) aligned >1 times
83.17% overall alignment rate
SRR9198816
539934 reads; of these:
  539934 (100.00%) were unpaired; of these:
    82193 (15.22%) aligned 0 times
    359025 (66.49%) aligned exactly 1 time
    98716 (18.28%) aligned >1 times
84.78% overall alignment rate
SRR9198817
793794 reads; of these:
  793794 (100.00%) were unpaired; of these:
    130388 (16.43%) aligned 0 times
    522583 (65.83%) aligned exactly 1 time
    140823 (17.74%) aligned >1 times
83.57% overall alignment rate
SRR9198818
689733 reads; of these:
  689733 (100.00%) were unpaired; of these:
    138863 (20.13%) aligned 0 times
    413108 (59.89%) aligned exactly 1 time
    137762 (19.97%) aligned >1 times
79.87% overall alignment rate
SRR9198819
462694 reads; of these:
  462694 (100.00%) were unpaired; of these:
    71679 (15.49%) aligned 0 times
    293325 (63.40%) aligned exactly 1 time
    97690 (21.11%) aligned >1 times
84.51% overall alignment rate
SRR9198820
956137 reads; of these:
  956137 (100.00%) were unpaired; of these:
    110371 (11.54%) aligned 0 times
    615383 (64.36%) aligned exactly 1 time
    230383 (24.10%) aligned >1 times
88.46% overall alignment rate
SRR9198821
543090 reads; of these:
  543090 (100.00%) were unpaired; of these:
    82851 (15.26%) aligned 0 times
    352093 (64.83%) aligned exactly 1 time
    108146 (19.91%) aligned >1 times
84.74% overall alignment rate
SRR9198822
608311 reads; of these:
  608311 (100.00%) were unpaired; of these:
    89590 (14.73%) aligned 0 times
    401709 (66.04%) aligned exactly 1 time
    117012 (19.24%) aligned >1 times
85.27% overall alignment rate
SRR9198823
408446 reads; of these:
  408446 (100.00%) were unpaired; of these:
    55073 (13.48%) aligned 0 times
    264699 (64.81%) aligned exactly 1 time
    88674 (21.71%) aligned >1 times
86.52% overall alignment rate
SRR9198824
269030 reads; of these:
  269030 (100.00%) were unpaired; of these:
    44781 (16.65%) aligned 0 times
    170371 (63.33%) aligned exactly 1 time
    53878 (20.03%) aligned >1 times
83.35% overall alignment rate
SRR9198825
504722 reads; of these:
  504722 (100.00%) were unpaired; of these:
    75888 (15.04%) aligned 0 times
    330594 (65.50%) aligned exactly 1 time
    98240 (19.46%) aligned >1 times
84.96% overall alignment rate
SRR9198826
395118 reads; of these:
  395118 (100.00%) were unpaired; of these:
    64805 (16.40%) aligned 0 times
    254878 (64.51%) aligned exactly 1 time
    75435 (19.09%) aligned >1 times
83.60% overall alignment rate
SRR9198827
420379 reads; of these:
  420379 (100.00%) were unpaired; of these:
    69537 (16.54%) aligned 0 times
    253256 (60.24%) aligned exactly 1 time
    97586 (23.21%) aligned >1 times
83.46% overall alignment rate
SRR9198828
532322 reads; of these:
  532322 (100.00%) were unpaired; of these:
    132016 (24.80%) aligned 0 times
    270470 (50.81%) aligned exactly 1 time
    129836 (24.39%) aligned >1 times
75.20% overall alignment rate
SRR9198829
375032 reads; of these:
  375032 (100.00%) were unpaired; of these:
    327574 (87.35%) aligned 0 times
    28745 (7.66%) aligned exactly 1 time
    18713 (4.99%) aligned >1 times
12.65% overall alignment rate
SRR9198830
478411 reads; of these:
  478411 (100.00%) were unpaired; of these:
    60272 (12.60%) aligned 0 times
    296026 (61.88%) aligned exactly 1 time
    122113 (25.52%) aligned >1 times
87.40% overall alignment rate
SRR9198831
120063 reads; of these:
  120063 (100.00%) were unpaired; of these:
    92125 (76.73%) aligned 0 times
    14191 (11.82%) aligned exactly 1 time
    13747 (11.45%) aligned >1 times
23.27% overall alignment rate
SRR9198832
722518 reads; of these:
  722518 (100.00%) were unpaired; of these:
    123205 (17.05%) aligned 0 times
    466336 (64.54%) aligned exactly 1 time
    132977 (18.40%) aligned >1 times
82.95% overall alignment rate
SRR9198833
648873 reads; of these:
  648873 (100.00%) were unpaired; of these:
    109414 (16.86%) aligned 0 times
    414102 (63.82%) aligned exactly 1 time
    125357 (19.32%) aligned >1 times
83.14% overall alignment rate
SRR9198834
364722 reads; of these:
  364722 (100.00%) were unpaired; of these:
    81548 (22.36%) aligned 0 times
    199912 (54.81%) aligned exactly 1 time
    83262 (22.83%) aligned >1 times
77.64% overall alignment rate
SRR9198835
694384 reads; of these:
  694384 (100.00%) were unpaired; of these:
    107961 (15.55%) aligned 0 times
    455701 (65.63%) aligned exactly 1 time
    130722 (18.83%) aligned >1 times
84.45% overall alignment rate
SRR9198836
879533 reads; of these:
  879533 (100.00%) were unpaired; of these:
    174855 (19.88%) aligned 0 times
    531251 (60.40%) aligned exactly 1 time
    173427 (19.72%) aligned >1 times
80.12% overall alignment rate
SRR9198837
1357286 reads; of these:
  1357286 (100.00%) were unpaired; of these:
    191827 (14.13%) aligned 0 times
    921823 (67.92%) aligned exactly 1 time
    243636 (17.95%) aligned >1 times
85.87% overall alignment rate
SRR9198838
1150180 reads; of these:
  1150180 (100.00%) were unpaired; of these:
    175325 (15.24%) aligned 0 times
    738552 (64.21%) aligned exactly 1 time
    236303 (20.54%) aligned >1 times
84.76% overall alignment rate
SRR9198839
1120045 reads; of these:
  1120045 (100.00%) were unpaired; of these:
    188945 (16.87%) aligned 0 times
    721691 (64.43%) aligned exactly 1 time
    209409 (18.70%) aligned >1 times
83.13% overall alignment rate
SRR9198840
1182582 reads; of these:
  1182582 (100.00%) were unpaired; of these:
    197936 (16.74%) aligned 0 times
    770943 (65.19%) aligned exactly 1 time
    213703 (18.07%) aligned >1 times
83.26% overall alignment rate
SRR9198841
775842 reads; of these:
  775842 (100.00%) were unpaired; of these:
    166426 (21.45%) aligned 0 times
    428129 (55.18%) aligned exactly 1 time
    181287 (23.37%) aligned >1 times
78.55% overall alignment rate
SRR9198842
209333 reads; of these:
  209333 (100.00%) were unpaired; of these:
    176135 (84.14%) aligned 0 times
    19826 (9.47%) aligned exactly 1 time
    13372 (6.39%) aligned >1 times
15.86% overall alignment rate
SRR9198843
572512 reads; of these:
  572512 (100.00%) were unpaired; of these:
    96892 (16.92%) aligned 0 times
    369225 (64.49%) aligned exactly 1 time
    106395 (18.58%) aligned >1 times
83.08% overall alignment rate
SRR9198844
481572 reads; of these:
  481572 (100.00%) were unpaired; of these:
    78467 (16.29%) aligned 0 times
    311477 (64.68%) aligned exactly 1 time
    91628 (19.03%) aligned >1 times
83.71% overall alignment rate
SRR9198845
39974 reads; of these:
  39974 (100.00%) were unpaired; of these:
    32468 (81.22%) aligned 0 times
    2587 (6.47%) aligned exactly 1 time
    4919 (12.31%) aligned >1 times
18.78% overall alignment rate
SRR9198846
676023 reads; of these:
  676023 (100.00%) were unpaired; of these:
    87096 (12.88%) aligned 0 times
    433598 (64.14%) aligned exactly 1 time
    155329 (22.98%) aligned >1 times
87.12% overall alignment rate
SRR9198847
115167 reads; of these:
  115167 (100.00%) were unpaired; of these:
    93087 (80.83%) aligned 0 times
    7809 (6.78%) aligned exactly 1 time
    14271 (12.39%) aligned >1 times
19.17% overall alignment rate
SRR9198848
547637 reads; of these:
  547637 (100.00%) were unpaired; of these:
    87419 (15.96%) aligned 0 times
    356144 (65.03%) aligned exactly 1 time
    104074 (19.00%) aligned >1 times
84.04% overall alignment rate
SRR9198849
326184 reads; of these:
  326184 (100.00%) were unpaired; of these:
    55171 (16.91%) aligned 0 times
    206244 (63.23%) aligned exactly 1 time
    64769 (19.86%) aligned >1 times
83.09% overall alignment rate
SRR9198850
646022 reads; of these:
  646022 (100.00%) were unpaired; of these:
    102765 (15.91%) aligned 0 times
    415101 (64.25%) aligned exactly 1 time
    128156 (19.84%) aligned >1 times
84.09% overall alignment rate
SRR9198851
498899 reads; of these:
  498899 (100.00%) were unpaired; of these:
    85027 (17.04%) aligned 0 times
    308997 (61.94%) aligned exactly 1 time
    104875 (21.02%) aligned >1 times
82.96% overall alignment rate
SRR9198852
448213 reads; of these:
  448213 (100.00%) were unpaired; of these:
    73770 (16.46%) aligned 0 times
    292837 (65.33%) aligned exactly 1 time
    81606 (18.21%) aligned >1 times
83.54% overall alignment rate
SRR9198853
391297 reads; of these:
  391297 (100.00%) were unpaired; of these:
    64051 (16.37%) aligned 0 times
    249100 (63.66%) aligned exactly 1 time
    78146 (19.97%) aligned >1 times
83.63% overall alignment rate
SRR9198854
622576 reads; of these:
  622576 (100.00%) were unpaired; of these:
    117566 (18.88%) aligned 0 times
    379868 (61.02%) aligned exactly 1 time
    125142 (20.10%) aligned >1 times
81.12% overall alignment rate
SRR9198855
633322 reads; of these:
  633322 (100.00%) were unpaired; of these:
    111554 (17.61%) aligned 0 times
    404883 (63.93%) aligned exactly 1 time
    116885 (18.46%) aligned >1 times
82.39% overall alignment rate
SRR9198856
60942 reads; of these:
  60942 (100.00%) were unpaired; of these:
    48721 (79.95%) aligned 0 times
    4050 (6.65%) aligned exactly 1 time
    8171 (13.41%) aligned >1 times
20.05% overall alignment rate
SRR9198857
393341 reads; of these:
  393341 (100.00%) were unpaired; of these:
    76898 (19.55%) aligned 0 times
    234079 (59.51%) aligned exactly 1 time
    82364 (20.94%) aligned >1 times
80.45% overall alignment rate
SRR9198858
483692 reads; of these:
  483692 (100.00%) were unpaired; of these:
    100499 (20.78%) aligned 0 times
    275098 (56.87%) aligned exactly 1 time
    108095 (22.35%) aligned >1 times
79.22% overall alignment rate
SRR9198859
747549 reads; of these:
  747549 (100.00%) were unpaired; of these:
    107125 (14.33%) aligned 0 times
    473908 (63.39%) aligned exactly 1 time
    166516 (22.27%) aligned >1 times
85.67% overall alignment rate
SRR9198860
735780 reads; of these:
  735780 (100.00%) were unpaired; of these:
    122429 (16.64%) aligned 0 times
    487660 (66.28%) aligned exactly 1 time
    125691 (17.08%) aligned >1 times
83.36% overall alignment rate
SRR9198861
891547 reads; of these:
  891547 (100.00%) were unpaired; of these:
    170582 (19.13%) aligned 0 times
    550138 (61.71%) aligned exactly 1 time
    170827 (19.16%) aligned >1 times
80.87% overall alignment rate
SRR9198862
605586 reads; of these:
  605586 (100.00%) were unpaired; of these:
    86215 (14.24%) aligned 0 times
    387821 (64.04%) aligned exactly 1 time
    131550 (21.72%) aligned >1 times
85.76% overall alignment rate
SRR9198863
484952 reads; of these:
  484952 (100.00%) were unpaired; of these:
    84141 (17.35%) aligned 0 times
    308281 (63.57%) aligned exactly 1 time
    92530 (19.08%) aligned >1 times
82.65% overall alignment rate
SRR9198864
943676 reads; of these:
  943676 (100.00%) were unpaired; of these:
    135414 (14.35%) aligned 0 times
    635335 (67.33%) aligned exactly 1 time
    172927 (18.32%) aligned >1 times
85.65% overall alignment rate
SRR9198865
773760 reads; of these:
  773760 (100.00%) were unpaired; of these:
    128810 (16.65%) aligned 0 times
    500949 (64.74%) aligned exactly 1 time
    144001 (18.61%) aligned >1 times
83.35% overall alignment rate
SRR9198866
140436 reads; of these:
  140436 (100.00%) were unpaired; of these:
    116119 (82.68%) aligned 0 times
    8264 (5.88%) aligned exactly 1 time
    16053 (11.43%) aligned >1 times
17.32% overall alignment rate
SRR9198867
477364 reads; of these:
  477364 (100.00%) were unpaired; of these:
    71792 (15.04%) aligned 0 times
    315906 (66.18%) aligned exactly 1 time
    89666 (18.78%) aligned >1 times
84.96% overall alignment rate
SRR9198868
321885 reads; of these:
  321885 (100.00%) were unpaired; of these:
    44515 (13.83%) aligned 0 times
    214600 (66.67%) aligned exactly 1 time
    62770 (19.50%) aligned >1 times
86.17% overall alignment rate
SRR9198869
469550 reads; of these:
  469550 (100.00%) were unpaired; of these:
    79981 (17.03%) aligned 0 times
    301808 (64.28%) aligned exactly 1 time
    87761 (18.69%) aligned >1 times
82.97% overall alignment rate
SRR9198870
517039 reads; of these:
  517039 (100.00%) were unpaired; of these:
    69064 (13.36%) aligned 0 times
    338293 (65.43%) aligned exactly 1 time
    109682 (21.21%) aligned >1 times
86.64% overall alignment rate
SRR9198871
421569 reads; of these:
  421569 (100.00%) were unpaired; of these:
    88235 (20.93%) aligned 0 times
    252125 (59.81%) aligned exactly 1 time
    81209 (19.26%) aligned >1 times
79.07% overall alignment rate
SRR9198872
600910 reads; of these:
  600910 (100.00%) were unpaired; of these:
    91375 (15.21%) aligned 0 times
    396956 (66.06%) aligned exactly 1 time
    112579 (18.73%) aligned >1 times
84.79% overall alignment rate
SRR9198873
578641 reads; of these:
  578641 (100.00%) were unpaired; of these:
    72803 (12.58%) aligned 0 times
    393590 (68.02%) aligned exactly 1 time
    112248 (19.40%) aligned >1 times
87.42% overall alignment rate
SRR9198874
681572 reads; of these:
  681572 (100.00%) were unpaired; of these:
    114393 (16.78%) aligned 0 times
    426652 (62.60%) aligned exactly 1 time
    140527 (20.62%) aligned >1 times
83.22% overall alignment rate
SRR9198875
557093 reads; of these:
  557093 (100.00%) were unpaired; of these:
    79340 (14.24%) aligned 0 times
    355467 (63.81%) aligned exactly 1 time
    122286 (21.95%) aligned >1 times
85.76% overall alignment rate
SRR9198876
685894 reads; of these:
  685894 (100.00%) were unpaired; of these:
    115691 (16.87%) aligned 0 times
    442676 (64.54%) aligned exactly 1 time
    127527 (18.59%) aligned >1 times
83.13% overall alignment rate
SRR9198877
388051 reads; of these:
  388051 (100.00%) were unpaired; of these:
    55755 (14.37%) aligned 0 times
    262185 (67.56%) aligned exactly 1 time
    70111 (18.07%) aligned >1 times
85.63% overall alignment rate
SRR9198878
488840 reads; of these:
  488840 (100.00%) were unpaired; of these:
    73700 (15.08%) aligned 0 times
    309831 (63.38%) aligned exactly 1 time
    105309 (21.54%) aligned >1 times
84.92% overall alignment rate
SRR9198879
465053 reads; of these:
  465053 (100.00%) were unpaired; of these:
    88882 (19.11%) aligned 0 times
    290641 (62.50%) aligned exactly 1 time
    85530 (18.39%) aligned >1 times
80.89% overall alignment rate
SRR9198880
361275 reads; of these:
  361275 (100.00%) were unpaired; of these:
    51144 (14.16%) aligned 0 times
    235076 (65.07%) aligned exactly 1 time
    75055 (20.78%) aligned >1 times
85.84% overall alignment rate
SRR9198881
467171 reads; of these:
  467171 (100.00%) were unpaired; of these:
    77112 (16.51%) aligned 0 times
    302996 (64.86%) aligned exactly 1 time
    87063 (18.64%) aligned >1 times
83.49% overall alignment rate
SRR9198882
367981 reads; of these:
  367981 (100.00%) were unpaired; of these:
    48407 (13.15%) aligned 0 times
    240792 (65.44%) aligned exactly 1 time
    78782 (21.41%) aligned >1 times
86.85% overall alignment rate
SRR9198883
1084393 reads; of these:
  1084393 (100.00%) were unpaired; of these:
    183430 (16.92%) aligned 0 times
    713634 (65.81%) aligned exactly 1 time
    187329 (17.28%) aligned >1 times
83.08% overall alignment rate
SRR9198884
635304 reads; of these:
  635304 (100.00%) were unpaired; of these:
    107082 (16.86%) aligned 0 times
    411618 (64.79%) aligned exactly 1 time
    116604 (18.35%) aligned >1 times
83.14% overall alignment rate
SRR9198885
355914 reads; of these:
  355914 (100.00%) were unpaired; of these:
    61646 (17.32%) aligned 0 times
    228075 (64.08%) aligned exactly 1 time
    66193 (18.60%) aligned >1 times
82.68% overall alignment rate
SRR9198886
547079 reads; of these:
  547079 (100.00%) were unpaired; of these:
    96291 (17.60%) aligned 0 times
    345788 (63.21%) aligned exactly 1 time
    105000 (19.19%) aligned >1 times
82.40% overall alignment rate
SRR9198887
799850 reads; of these:
  799850 (100.00%) were unpaired; of these:
    185276 (23.16%) aligned 0 times
    476570 (59.58%) aligned exactly 1 time
    138004 (17.25%) aligned >1 times
76.84% overall alignment rate
SRR9198888
649755 reads; of these:
  649755 (100.00%) were unpaired; of these:
    104788 (16.13%) aligned 0 times
    428934 (66.01%) aligned exactly 1 time
    116033 (17.86%) aligned >1 times
83.87% overall alignment rate
SRR9198889
813698 reads; of these:
  813698 (100.00%) were unpaired; of these:
    106366 (13.07%) aligned 0 times
    557373 (68.50%) aligned exactly 1 time
    149959 (18.43%) aligned >1 times
86.93% overall alignment rate
SRR9198890
475027 reads; of these:
  475027 (100.00%) were unpaired; of these:
    82202 (17.30%) aligned 0 times
    299952 (63.14%) aligned exactly 1 time
    92873 (19.55%) aligned >1 times
82.70% overall alignment rate
SRR9198891
1174918 reads; of these:
  1174918 (100.00%) were unpaired; of these:
    175275 (14.92%) aligned 0 times
    792883 (67.48%) aligned exactly 1 time
    206760 (17.60%) aligned >1 times
85.08% overall alignment rate
SRR9198892
698702 reads; of these:
  698702 (100.00%) were unpaired; of these:
    106319 (15.22%) aligned 0 times
    443413 (63.46%) aligned exactly 1 time
    148970 (21.32%) aligned >1 times
84.78% overall alignment rate
SRR9198893
528537 reads; of these:
  528537 (100.00%) were unpaired; of these:
    56188 (10.63%) aligned 0 times
    396795 (75.07%) aligned exactly 1 time
    75554 (14.29%) aligned >1 times
89.37% overall alignment rate
SRR9198894
805275 reads; of these:
  805275 (100.00%) were unpaired; of these:
    120782 (15.00%) aligned 0 times
    510454 (63.39%) aligned exactly 1 time
    174039 (21.61%) aligned >1 times
85.00% overall alignment rate
SRR9198895
1062983 reads; of these:
  1062983 (100.00%) were unpaired; of these:
    141711 (13.33%) aligned 0 times
    713898 (67.16%) aligned exactly 1 time
    207374 (19.51%) aligned >1 times
86.67% overall alignment rate
SRR9198896
527371 reads; of these:
  527371 (100.00%) were unpaired; of these:
    76780 (14.56%) aligned 0 times
    329533 (62.49%) aligned exactly 1 time
    121058 (22.95%) aligned >1 times
85.44% overall alignment rate
SRR9198897
436442 reads; of these:
  436442 (100.00%) were unpaired; of these:
    62300 (14.27%) aligned 0 times
    276357 (63.32%) aligned exactly 1 time
    97785 (22.41%) aligned >1 times
85.73% overall alignment rate
SRR9198898
1202141 reads; of these:
  1202141 (100.00%) were unpaired; of these:
    243137 (20.23%) aligned 0 times
    750435 (62.42%) aligned exactly 1 time
    208569 (17.35%) aligned >1 times
79.77% overall alignment rate
SRR9198899
348668 reads; of these:
  348668 (100.00%) were unpaired; of these:
    86382 (24.77%) aligned 0 times
    201950 (57.92%) aligned exactly 1 time
    60336 (17.30%) aligned >1 times
75.23% overall alignment rate
SRR9198900
805212 reads; of these:
  805212 (100.00%) were unpaired; of these:
    113057 (14.04%) aligned 0 times
    524229 (65.10%) aligned exactly 1 time
    167926 (20.85%) aligned >1 times
85.96% overall alignment rate
SRR9198901
619468 reads; of these:
  619468 (100.00%) were unpaired; of these:
    96695 (15.61%) aligned 0 times
    391006 (63.12%) aligned exactly 1 time
    131767 (21.27%) aligned >1 times
84.39% overall alignment rate
SRR9198902
669629 reads; of these:
  669629 (100.00%) were unpaired; of these:
    115072 (17.18%) aligned 0 times
    426366 (63.67%) aligned exactly 1 time
    128191 (19.14%) aligned >1 times
82.82% overall alignment rate
SRR9198903
1036887 reads; of these:
  1036887 (100.00%) were unpaired; of these:
    184436 (17.79%) aligned 0 times
    669962 (64.61%) aligned exactly 1 time
    182489 (17.60%) aligned >1 times
82.21% overall alignment rate
SRR9198904
651686 reads; of these:
  651686 (100.00%) were unpaired; of these:
    78036 (11.97%) aligned 0 times
    432896 (66.43%) aligned exactly 1 time
    140754 (21.60%) aligned >1 times
88.03% overall alignment rate
SRR9198905
1042550 reads; of these:
  1042550 (100.00%) were unpaired; of these:
    163066 (15.64%) aligned 0 times
    686959 (65.89%) aligned exactly 1 time
    192525 (18.47%) aligned >1 times
84.36% overall alignment rate
SRR9198906
980666 reads; of these:
  980666 (100.00%) were unpaired; of these:
    178479 (18.20%) aligned 0 times
    617525 (62.97%) aligned exactly 1 time
    184662 (18.83%) aligned >1 times
81.80% overall alignment rate
SRR9198907
825208 reads; of these:
  825208 (100.00%) were unpaired; of these:
    113176 (13.71%) aligned 0 times
    536173 (64.97%) aligned exactly 1 time
    175859 (21.31%) aligned >1 times
86.29% overall alignment rate
SRR9198908
1076775 reads; of these:
  1076775 (100.00%) were unpaired; of these:
    183779 (17.07%) aligned 0 times
    686718 (63.78%) aligned exactly 1 time
    206278 (19.16%) aligned >1 times
82.93% overall alignment rate
SRR9198909
420737 reads; of these:
  420737 (100.00%) were unpaired; of these:
    83473 (19.84%) aligned 0 times
    244545 (58.12%) aligned exactly 1 time
    92719 (22.04%) aligned >1 times
80.16% overall alignment rate
SRR9198910
903764 reads; of these:
  903764 (100.00%) were unpaired; of these:
    112116 (12.41%) aligned 0 times
    601766 (66.58%) aligned exactly 1 time
    189882 (21.01%) aligned >1 times
87.59% overall alignment rate
SRR9198911
771317 reads; of these:
  771317 (100.00%) were unpaired; of these:
    108777 (14.10%) aligned 0 times
    526479 (68.26%) aligned exactly 1 time
    136061 (17.64%) aligned >1 times
85.90% overall alignment rate
SRR9198912
950063 reads; of these:
  950063 (100.00%) were unpaired; of these:
    165434 (17.41%) aligned 0 times
    613686 (64.59%) aligned exactly 1 time
    170943 (17.99%) aligned >1 times
82.59% overall alignment rate
SRR9198913
342745 reads; of these:
  342745 (100.00%) were unpaired; of these:
    317936 (92.76%) aligned 0 times
    17040 (4.97%) aligned exactly 1 time
    7769 (2.27%) aligned >1 times
7.24% overall alignment rate
SRR9198914
1267835 reads; of these:
  1267835 (100.00%) were unpaired; of these:
    193493 (15.26%) aligned 0 times
    854224 (67.38%) aligned exactly 1 time
    220118 (17.36%) aligned >1 times
84.74% overall alignment rate
SRR9198915
631872 reads; of these:
  631872 (100.00%) were unpaired; of these:
    574331 (90.89%) aligned 0 times
    22927 (3.63%) aligned exactly 1 time
    34614 (5.48%) aligned >1 times
9.11% overall alignment rate
SRR9198916
390800 reads; of these:
  390800 (100.00%) were unpaired; of these:
    102101 (26.13%) aligned 0 times
    213588 (54.65%) aligned exactly 1 time
    75111 (19.22%) aligned >1 times
73.87% overall alignment rate
SRR9198917
399585 reads; of these:
  399585 (100.00%) were unpaired; of these:
    131239 (32.84%) aligned 0 times
    202506 (50.68%) aligned exactly 1 time
    65840 (16.48%) aligned >1 times
67.16% overall alignment rate
SRR9198918
369917 reads; of these:
  369917 (100.00%) were unpaired; of these:
    129352 (34.97%) aligned 0 times
    186025 (50.29%) aligned exactly 1 time
    54540 (14.74%) aligned >1 times
65.03% overall alignment rate
SRR9198919
555679 reads; of these:
  555679 (100.00%) were unpaired; of these:
    160021 (28.80%) aligned 0 times
    292136 (52.57%) aligned exactly 1 time
    103522 (18.63%) aligned >1 times
71.20% overall alignment rate
SRR9198920
482786 reads; of these:
  482786 (100.00%) were unpaired; of these:
    136520 (28.28%) aligned 0 times
    253023 (52.41%) aligned exactly 1 time
    93243 (19.31%) aligned >1 times
71.72% overall alignment rate
SRR9198921
513979 reads; of these:
  513979 (100.00%) were unpaired; of these:
    134902 (26.25%) aligned 0 times
    277252 (53.94%) aligned exactly 1 time
    101825 (19.81%) aligned >1 times
73.75% overall alignment rate
SRR9198922
559424 reads; of these:
  559424 (100.00%) were unpaired; of these:
    127208 (22.74%) aligned 0 times
    335566 (59.98%) aligned exactly 1 time
    96650 (17.28%) aligned >1 times
77.26% overall alignment rate
SRR9198923
402113 reads; of these:
  402113 (100.00%) were unpaired; of these:
    70085 (17.43%) aligned 0 times
    257749 (64.10%) aligned exactly 1 time
    74279 (18.47%) aligned >1 times
82.57% overall alignment rate
SRR9198924
91533 reads; of these:
  91533 (100.00%) were unpaired; of these:
    77597 (84.77%) aligned 0 times
    4729 (5.17%) aligned exactly 1 time
    9207 (10.06%) aligned >1 times
15.23% overall alignment rate
SRR9198925
1188743 reads; of these:
  1188743 (100.00%) were unpaired; of these:
    203863 (17.15%) aligned 0 times
    773046 (65.03%) aligned exactly 1 time
    211834 (17.82%) aligned >1 times
82.85% overall alignment rate
SRR9198926
1062423 reads; of these:
  1062423 (100.00%) were unpaired; of these:
    148219 (13.95%) aligned 0 times
    727321 (68.46%) aligned exactly 1 time
    186883 (17.59%) aligned >1 times
86.05% overall alignment rate
SRR9198927
879096 reads; of these:
  879096 (100.00%) were unpaired; of these:
    122999 (13.99%) aligned 0 times
    553522 (62.96%) aligned exactly 1 time
    202575 (23.04%) aligned >1 times
86.01% overall alignment rate
SRR9198928
1187835 reads; of these:
  1187835 (100.00%) were unpaired; of these:
    171888 (14.47%) aligned 0 times
    810860 (68.26%) aligned exactly 1 time
    205087 (17.27%) aligned >1 times
85.53% overall alignment rate
SRR9198929
1058703 reads; of these:
  1058703 (100.00%) were unpaired; of these:
    176312 (16.65%) aligned 0 times
    700143 (66.13%) aligned exactly 1 time
    182248 (17.21%) aligned >1 times
83.35% overall alignment rate
SRR9198930
711533 reads; of these:
  711533 (100.00%) were unpaired; of these:
    115825 (16.28%) aligned 0 times
    464507 (65.28%) aligned exactly 1 time
    131201 (18.44%) aligned >1 times
83.72% overall alignment rate
SRR9198931
1085852 reads; of these:
  1085852 (100.00%) were unpaired; of these:
    164062 (15.11%) aligned 0 times
    723952 (66.67%) aligned exactly 1 time
    197838 (18.22%) aligned >1 times
84.89% overall alignment rate
SRR9198932
888616 reads; of these:
  888616 (100.00%) were unpaired; of these:
    116035 (13.06%) aligned 0 times
    611470 (68.81%) aligned exactly 1 time
    161111 (18.13%) aligned >1 times
86.94% overall alignment rate
SRR9198933
801754 reads; of these:
  801754 (100.00%) were unpaired; of these:
    128698 (16.05%) aligned 0 times
    516870 (64.47%) aligned exactly 1 time
    156186 (19.48%) aligned >1 times
83.95% overall alignment rate
SRR9198934
537546 reads; of these:
  537546 (100.00%) were unpaired; of these:
    94022 (17.49%) aligned 0 times
    322541 (60.00%) aligned exactly 1 time
    120983 (22.51%) aligned >1 times
82.51% overall alignment rate
SRR9198935
1066336 reads; of these:
  1066336 (100.00%) were unpaired; of these:
    153586 (14.40%) aligned 0 times
    690572 (64.76%) aligned exactly 1 time
    222178 (20.84%) aligned >1 times
85.60% overall alignment rate
SRR9198936
805430 reads; of these:
  805430 (100.00%) were unpaired; of these:
    125054 (15.53%) aligned 0 times
    506566 (62.89%) aligned exactly 1 time
    173810 (21.58%) aligned >1 times
84.47% overall alignment rate
SRR9198937
1046457 reads; of these:
  1046457 (100.00%) were unpaired; of these:
    156438 (14.95%) aligned 0 times
    681455 (65.12%) aligned exactly 1 time
    208564 (19.93%) aligned >1 times
85.05% overall alignment rate
SRR9198938
34107 reads; of these:
  34107 (100.00%) were unpaired; of these:
    30613 (89.76%) aligned 0 times
    1547 (4.54%) aligned exactly 1 time
    1947 (5.71%) aligned >1 times
10.24% overall alignment rate
SRR9198939
753230 reads; of these:
  753230 (100.00%) were unpaired; of these:
    156461 (20.77%) aligned 0 times
    453480 (60.20%) aligned exactly 1 time
    143289 (19.02%) aligned >1 times
79.23% overall alignment rate
SRR9198940
918095 reads; of these:
  918095 (100.00%) were unpaired; of these:
    138395 (15.07%) aligned 0 times
    595182 (64.83%) aligned exactly 1 time
    184518 (20.10%) aligned >1 times
84.93% overall alignment rate
SRR9198941
867240 reads; of these:
  867240 (100.00%) were unpaired; of these:
    138725 (16.00%) aligned 0 times
    534816 (61.67%) aligned exactly 1 time
    193699 (22.34%) aligned >1 times
84.00% overall alignment rate
SRR9198957
587516 reads; of these:
  587516 (100.00%) were unpaired; of these:
    83606 (14.23%) aligned 0 times
    379768 (64.64%) aligned exactly 1 time
    124142 (21.13%) aligned >1 times
85.77% overall alignment rate
SRR9198958
1029441 reads; of these:
  1029441 (100.00%) were unpaired; of these:
    133559 (12.97%) aligned 0 times
    650329 (63.17%) aligned exactly 1 time
    245553 (23.85%) aligned >1 times
87.03% overall alignment rate
SRR9198959
199796 reads; of these:
  199796 (100.00%) were unpaired; of these:
    177022 (88.60%) aligned 0 times
    9650 (4.83%) aligned exactly 1 time
    13124 (6.57%) aligned >1 times
11.40% overall alignment rate
SRR9198960
666825 reads; of these:
  666825 (100.00%) were unpaired; of these:
    102630 (15.39%) aligned 0 times
    422896 (63.42%) aligned exactly 1 time
    141299 (21.19%) aligned >1 times
84.61% overall alignment rate
SRR9198961
905956 reads; of these:
  905956 (100.00%) were unpaired; of these:
    102867 (11.35%) aligned 0 times
    593511 (65.51%) aligned exactly 1 time
    209578 (23.13%) aligned >1 times
88.65% overall alignment rate
SRR9198962
1042155 reads; of these:
  1042155 (100.00%) were unpaired; of these:
    164502 (15.78%) aligned 0 times
    681911 (65.43%) aligned exactly 1 time
    195742 (18.78%) aligned >1 times
84.22% overall alignment rate
SRR9198963
1074742 reads; of these:
  1074742 (100.00%) were unpaired; of these:
    304195 (28.30%) aligned 0 times
    567002 (52.76%) aligned exactly 1 time
    203545 (18.94%) aligned >1 times
71.70% overall alignment rate
SRR9198964
797392 reads; of these:
  797392 (100.00%) were unpaired; of these:
    108818 (13.65%) aligned 0 times
    522028 (65.47%) aligned exactly 1 time
    166546 (20.89%) aligned >1 times
86.35% overall alignment rate
SRR9198965
775932 reads; of these:
  775932 (100.00%) were unpaired; of these:
    149867 (19.31%) aligned 0 times
    477263 (61.51%) aligned exactly 1 time
    148802 (19.18%) aligned >1 times
80.69% overall alignment rate
SRR9198966
587361 reads; of these:
  587361 (100.00%) were unpaired; of these:
    112356 (19.13%) aligned 0 times
    358050 (60.96%) aligned exactly 1 time
    116955 (19.91%) aligned >1 times
80.87% overall alignment rate
SRR9198967
395587 reads; of these:
  395587 (100.00%) were unpaired; of these:
    59650 (15.08%) aligned 0 times
    265313 (67.07%) aligned exactly 1 time
    70624 (17.85%) aligned >1 times
84.92% overall alignment rate
SRR9198968
749115 reads; of these:
  749115 (100.00%) were unpaired; of these:
    131470 (17.55%) aligned 0 times
    473212 (63.17%) aligned exactly 1 time
    144433 (19.28%) aligned >1 times
82.45% overall alignment rate
SRR9198969
558975 reads; of these:
  558975 (100.00%) were unpaired; of these:
    80436 (14.39%) aligned 0 times
    365341 (65.36%) aligned exactly 1 time
    113198 (20.25%) aligned >1 times
85.61% overall alignment rate
SRR9198970
841789 reads; of these:
  841789 (100.00%) were unpaired; of these:
    120238 (14.28%) aligned 0 times
    550260 (65.37%) aligned exactly 1 time
    171291 (20.35%) aligned >1 times
85.72% overall alignment rate
SRR9198971
888413 reads; of these:
  888413 (100.00%) were unpaired; of these:
    149637 (16.84%) aligned 0 times
    586289 (65.99%) aligned exactly 1 time
    152487 (17.16%) aligned >1 times
83.16% overall alignment rate
SRR9198972
783757 reads; of these:
  783757 (100.00%) were unpaired; of these:
    127210 (16.23%) aligned 0 times
    507066 (64.70%) aligned exactly 1 time
    149481 (19.07%) aligned >1 times
83.77% overall alignment rate
SRR9198973
582153 reads; of these:
  582153 (100.00%) were unpaired; of these:
    107616 (18.49%) aligned 0 times
    360941 (62.00%) aligned exactly 1 time
    113596 (19.51%) aligned >1 times
81.51% overall alignment rate
SRR9198974
377339 reads; of these:
  377339 (100.00%) were unpaired; of these:
    54605 (14.47%) aligned 0 times
    238472 (63.20%) aligned exactly 1 time
    84262 (22.33%) aligned >1 times
85.53% overall alignment rate
SRR9198975
240562 reads; of these:
  240562 (100.00%) were unpaired; of these:
    34872 (14.50%) aligned 0 times
    149362 (62.09%) aligned exactly 1 time
    56328 (23.42%) aligned >1 times
85.50% overall alignment rate
SRR9198976
252758 reads; of these:
  252758 (100.00%) were unpaired; of these:
    37167 (14.70%) aligned 0 times
    156000 (61.72%) aligned exactly 1 time
    59591 (23.58%) aligned >1 times
85.30% overall alignment rate
SRR9198977
573980 reads; of these:
  573980 (100.00%) were unpaired; of these:
    100131 (17.45%) aligned 0 times
    356825 (62.17%) aligned exactly 1 time
    117024 (20.39%) aligned >1 times
82.55% overall alignment rate
SRR9198978
488201 reads; of these:
  488201 (100.00%) were unpaired; of these:
    69179 (14.17%) aligned 0 times
    321449 (65.84%) aligned exactly 1 time
    97573 (19.99%) aligned >1 times
85.83% overall alignment rate
SRR9198979
682075 reads; of these:
  682075 (100.00%) were unpaired; of these:
    125152 (18.35%) aligned 0 times
    374163 (54.86%) aligned exactly 1 time
    182760 (26.79%) aligned >1 times
81.65% overall alignment rate
SRR9198980
570222 reads; of these:
  570222 (100.00%) were unpaired; of these:
    102790 (18.03%) aligned 0 times
    356837 (62.58%) aligned exactly 1 time
    110595 (19.40%) aligned >1 times
81.97% overall alignment rate
SRR9198981
463741 reads; of these:
  463741 (100.00%) were unpaired; of these:
    84683 (18.26%) aligned 0 times
    286665 (61.82%) aligned exactly 1 time
    92393 (19.92%) aligned >1 times
81.74% overall alignment rate
SRR9198982
631214 reads; of these:
  631214 (100.00%) were unpaired; of these:
    116530 (18.46%) aligned 0 times
    387310 (61.36%) aligned exactly 1 time
    127374 (20.18%) aligned >1 times
81.54% overall alignment rate
SRR9198983
435848 reads; of these:
  435848 (100.00%) were unpaired; of these:
    77459 (17.77%) aligned 0 times
    248319 (56.97%) aligned exactly 1 time
    110070 (25.25%) aligned >1 times
82.23% overall alignment rate
SRR9198984
566363 reads; of these:
  566363 (100.00%) were unpaired; of these:
    104907 (18.52%) aligned 0 times
    358995 (63.39%) aligned exactly 1 time
    102461 (18.09%) aligned >1 times
81.48% overall alignment rate
SRR9198985
476993 reads; of these:
  476993 (100.00%) were unpaired; of these:
    71589 (15.01%) aligned 0 times
    299282 (62.74%) aligned exactly 1 time
    106122 (22.25%) aligned >1 times
84.99% overall alignment rate
SRR9198986
58395 reads; of these:
  58395 (100.00%) were unpaired; of these:
    45052 (77.15%) aligned 0 times
    4649 (7.96%) aligned exactly 1 time
    8694 (14.89%) aligned >1 times
22.85% overall alignment rate
SRR9198987
670825 reads; of these:
  670825 (100.00%) were unpaired; of these:
    110539 (16.48%) aligned 0 times
    430590 (64.19%) aligned exactly 1 time
    129696 (19.33%) aligned >1 times
83.52% overall alignment rate
SRR9198988
980698 reads; of these:
  980698 (100.00%) were unpaired; of these:
    183921 (18.75%) aligned 0 times
    602800 (61.47%) aligned exactly 1 time
    193977 (19.78%) aligned >1 times
81.25% overall alignment rate
SRR9198989
425686 reads; of these:
  425686 (100.00%) were unpaired; of these:
    76665 (18.01%) aligned 0 times
    255721 (60.07%) aligned exactly 1 time
    93300 (21.92%) aligned >1 times
81.99% overall alignment rate
SRR9198990
525345 reads; of these:
  525345 (100.00%) were unpaired; of these:
    103631 (19.73%) aligned 0 times
    320037 (60.92%) aligned exactly 1 time
    101677 (19.35%) aligned >1 times
80.27% overall alignment rate
SRR9198991
620894 reads; of these:
  620894 (100.00%) were unpaired; of these:
    124141 (19.99%) aligned 0 times
    376949 (60.71%) aligned exactly 1 time
    119804 (19.30%) aligned >1 times
80.01% overall alignment rate
SRR9198992
570390 reads; of these:
  570390 (100.00%) were unpaired; of these:
    94168 (16.51%) aligned 0 times
    361757 (63.42%) aligned exactly 1 time
    114465 (20.07%) aligned >1 times
83.49% overall alignment rate
SRR9198993
601243 reads; of these:
  601243 (100.00%) were unpaired; of these:
    117550 (19.55%) aligned 0 times
    355259 (59.09%) aligned exactly 1 time
    128434 (21.36%) aligned >1 times
80.45% overall alignment rate
SRR9198994
624110 reads; of these:
  624110 (100.00%) were unpaired; of these:
    113245 (18.15%) aligned 0 times
    391558 (62.74%) aligned exactly 1 time
    119307 (19.12%) aligned >1 times
81.85% overall alignment rate
SRR9198995
471719 reads; of these:
  471719 (100.00%) were unpaired; of these:
    82706 (17.53%) aligned 0 times
    294206 (62.37%) aligned exactly 1 time
    94807 (20.10%) aligned >1 times
82.47% overall alignment rate
SRR9198996
940821 reads; of these:
  940821 (100.00%) were unpaired; of these:
    149321 (15.87%) aligned 0 times
    573092 (60.91%) aligned exactly 1 time
    218408 (23.21%) aligned >1 times
84.13% overall alignment rate
SRR9198997
337742 reads; of these:
  337742 (100.00%) were unpaired; of these:
    52073 (15.42%) aligned 0 times
    213381 (63.18%) aligned exactly 1 time
    72288 (21.40%) aligned >1 times
84.58% overall alignment rate
SRR9198998
117902 reads; of these:
  117902 (100.00%) were unpaired; of these:
    96050 (81.47%) aligned 0 times
    7974 (6.76%) aligned exactly 1 time
    13878 (11.77%) aligned >1 times
18.53% overall alignment rate
SRR9198999
665964 reads; of these:
  665964 (100.00%) were unpaired; of these:
    110880 (16.65%) aligned 0 times
    433108 (65.03%) aligned exactly 1 time
    121976 (18.32%) aligned >1 times
83.35% overall alignment rate
SRR9199000
54454 reads; of these:
  54454 (100.00%) were unpaired; of these:
    43683 (80.22%) aligned 0 times
    3662 (6.72%) aligned exactly 1 time
    7109 (13.06%) aligned >1 times
19.78% overall alignment rate
SRR9199001
832290 reads; of these:
  832290 (100.00%) were unpaired; of these:
    146699 (17.63%) aligned 0 times
    526953 (63.31%) aligned exactly 1 time
    158638 (19.06%) aligned >1 times
82.37% overall alignment rate
SRR9199002
473224 reads; of these:
  473224 (100.00%) were unpaired; of these:
    79898 (16.88%) aligned 0 times
    293597 (62.04%) aligned exactly 1 time
    99729 (21.07%) aligned >1 times
83.12% overall alignment rate
SRR9199003
676563 reads; of these:
  676563 (100.00%) were unpaired; of these:
    137640 (20.34%) aligned 0 times
    397592 (58.77%) aligned exactly 1 time
    141331 (20.89%) aligned >1 times
79.66% overall alignment rate
SRR9199004
473645 reads; of these:
  473645 (100.00%) were unpaired; of these:
    61970 (13.08%) aligned 0 times
    300666 (63.48%) aligned exactly 1 time
    111009 (23.44%) aligned >1 times
86.92% overall alignment rate
SRR9199005
636876 reads; of these:
  636876 (100.00%) were unpaired; of these:
    102467 (16.09%) aligned 0 times
    394210 (61.90%) aligned exactly 1 time
    140199 (22.01%) aligned >1 times
83.91% overall alignment rate
SRR9199006
501922 reads; of these:
  501922 (100.00%) were unpaired; of these:
    108824 (21.68%) aligned 0 times
    293288 (58.43%) aligned exactly 1 time
    99810 (19.89%) aligned >1 times
78.32% overall alignment rate
SRR9199007
630706 reads; of these:
  630706 (100.00%) were unpaired; of these:
    151377 (24.00%) aligned 0 times
    339731 (53.87%) aligned exactly 1 time
    139598 (22.13%) aligned >1 times
76.00% overall alignment rate
SRR9199008
481819 reads; of these:
  481819 (100.00%) were unpaired; of these:
    72208 (14.99%) aligned 0 times
    306346 (63.58%) aligned exactly 1 time
    103265 (21.43%) aligned >1 times
85.01% overall alignment rate
SRR9199009
314081 reads; of these:
  314081 (100.00%) were unpaired; of these:
    56061 (17.85%) aligned 0 times
    182604 (58.14%) aligned exactly 1 time
    75416 (24.01%) aligned >1 times
82.15% overall alignment rate
SRR9199010
301131 reads; of these:
  301131 (100.00%) were unpaired; of these:
    60143 (19.97%) aligned 0 times
    175192 (58.18%) aligned exactly 1 time
    65796 (21.85%) aligned >1 times
80.03% overall alignment rate
SRR9199011
48351 reads; of these:
  48351 (100.00%) were unpaired; of these:
    39254 (81.19%) aligned 0 times
    3096 (6.40%) aligned exactly 1 time
    6001 (12.41%) aligned >1 times
18.81% overall alignment rate
SRR9199012
437374 reads; of these:
  437374 (100.00%) were unpaired; of these:
    61810 (14.13%) aligned 0 times
    279885 (63.99%) aligned exactly 1 time
    95679 (21.88%) aligned >1 times
85.87% overall alignment rate
SRR9199013
39085 reads; of these:
  39085 (100.00%) were unpaired; of these:
    30387 (77.75%) aligned 0 times
    3405 (8.71%) aligned exactly 1 time
    5293 (13.54%) aligned >1 times
22.25% overall alignment rate
SRR9199014
394701 reads; of these:
  394701 (100.00%) were unpaired; of these:
    76241 (19.32%) aligned 0 times
    241165 (61.10%) aligned exactly 1 time
    77295 (19.58%) aligned >1 times
80.68% overall alignment rate
SRR9199015
1066553 reads; of these:
  1066553 (100.00%) were unpaired; of these:
    176217 (16.52%) aligned 0 times
    666795 (62.52%) aligned exactly 1 time
    223541 (20.96%) aligned >1 times
83.48% overall alignment rate
SRR9199016
406622 reads; of these:
  406622 (100.00%) were unpaired; of these:
    78958 (19.42%) aligned 0 times
    251439 (61.84%) aligned exactly 1 time
    76225 (18.75%) aligned >1 times
80.58% overall alignment rate
SRR9199017
591986 reads; of these:
  591986 (100.00%) were unpaired; of these:
    80188 (13.55%) aligned 0 times
    410813 (69.40%) aligned exactly 1 time
    100985 (17.06%) aligned >1 times
86.45% overall alignment rate
SRR9199018
735769 reads; of these:
  735769 (100.00%) were unpaired; of these:
    131297 (17.84%) aligned 0 times
    455962 (61.97%) aligned exactly 1 time
    148510 (20.18%) aligned >1 times
82.16% overall alignment rate
SRR9199019
299455 reads; of these:
  299455 (100.00%) were unpaired; of these:
    62251 (20.79%) aligned 0 times
    179949 (60.09%) aligned exactly 1 time
    57255 (19.12%) aligned >1 times
79.21% overall alignment rate
SRR9199020
725543 reads; of these:
  725543 (100.00%) were unpaired; of these:
    129239 (17.81%) aligned 0 times
    420766 (57.99%) aligned exactly 1 time
    175538 (24.19%) aligned >1 times
82.19% overall alignment rate
SRR9199021
626226 reads; of these:
  626226 (100.00%) were unpaired; of these:
    100126 (15.99%) aligned 0 times
    404828 (64.65%) aligned exactly 1 time
    121272 (19.37%) aligned >1 times
84.01% overall alignment rate
SRR9199022
380241 reads; of these:
  380241 (100.00%) were unpaired; of these:
    68655 (18.06%) aligned 0 times
    240014 (63.12%) aligned exactly 1 time
    71572 (18.82%) aligned >1 times
81.94% overall alignment rate
SRR9199023
1120300 reads; of these:
  1120300 (100.00%) were unpaired; of these:
    148585 (13.26%) aligned 0 times
    722108 (64.46%) aligned exactly 1 time
    249607 (22.28%) aligned >1 times
86.74% overall alignment rate
SRR9199024
810669 reads; of these:
  810669 (100.00%) were unpaired; of these:
    128088 (15.80%) aligned 0 times
    514502 (63.47%) aligned exactly 1 time
    168079 (20.73%) aligned >1 times
84.20% overall alignment rate
SRR9199025
906737 reads; of these:
  906737 (100.00%) were unpaired; of these:
    157172 (17.33%) aligned 0 times
    592540 (65.35%) aligned exactly 1 time
    157025 (17.32%) aligned >1 times
82.67% overall alignment rate
SRR9199026
677898 reads; of these:
  677898 (100.00%) were unpaired; of these:
    130263 (19.22%) aligned 0 times
    421960 (62.25%) aligned exactly 1 time
    125675 (18.54%) aligned >1 times
80.78% overall alignment rate
SRR9199027
579085 reads; of these:
  579085 (100.00%) were unpaired; of these:
    110722 (19.12%) aligned 0 times
    355112 (61.32%) aligned exactly 1 time
    113251 (19.56%) aligned >1 times
80.88% overall alignment rate
SRR9199028
434214 reads; of these:
  434214 (100.00%) were unpaired; of these:
    71867 (16.55%) aligned 0 times
    280598 (64.62%) aligned exactly 1 time
    81749 (18.83%) aligned >1 times
83.45% overall alignment rate
SRR9199029
511569 reads; of these:
  511569 (100.00%) were unpaired; of these:
    105909 (20.70%) aligned 0 times
    302682 (59.17%) aligned exactly 1 time
    102978 (20.13%) aligned >1 times
79.30% overall alignment rate
SRR9199030
991900 reads; of these:
  991900 (100.00%) were unpaired; of these:
    153654 (15.49%) aligned 0 times
    646145 (65.14%) aligned exactly 1 time
    192101 (19.37%) aligned >1 times
84.51% overall alignment rate
SRR9199031
900622 reads; of these:
  900622 (100.00%) were unpaired; of these:
    127588 (14.17%) aligned 0 times
    560279 (62.21%) aligned exactly 1 time
    212755 (23.62%) aligned >1 times
85.83% overall alignment rate
SRR9199032
777916 reads; of these:
  777916 (100.00%) were unpaired; of these:
    114720 (14.75%) aligned 0 times
    505887 (65.03%) aligned exactly 1 time
    157309 (20.22%) aligned >1 times
85.25% overall alignment rate
